<?xml version="1.0" encoding="UTF-8"?>
<!-- Generated by org.testng.reporters.JUnitReportReporter -->
<testsuite hostname="Ahmed" name="patientTest.PatientRegistrationTest" tests="2" failures="0" timestamp="23 Mar 2019 21:52:21 GMT" time="2.439" errors="0">
  <testcase name="validate_patient_login" time="0.137" classname="patientTest.PatientRegistrationTest"/>
  <testcase name="click_patient_login" time="2.302" classname="patientTest.PatientRegistrationTest"/>
</testsuite> <!-- patientTest.PatientRegistrationTest -->
