<?xml version="1.0" encoding="UTF-8"?>
<!-- Generated by org.testng.reporters.JUnitReportReporter -->
<testsuite hostname="Ahmed" name="patientModuleTest.MainPageTest" tests="4" failures="0" timestamp="20 Mar 2019 21:12:20 GMT" time="18.431" errors="0">
  <testcase name="clickLoginAndEnterData" time="15.635" classname="patientModuleTest.MainPageTest"/>
  <testcase name="validatePatientLogin" time="0.314" classname="patientModuleTest.MainPageTest"/>
  <testcase name="clickPatientLogin" time="2.368" classname="patientModuleTest.MainPageTest"/>
  <testcase name="validatelogin" time="0.114" classname="patientModuleTest.MainPageTest"/>
</testsuite> <!-- patientModuleTest.MainPageTest -->
