<?xml version="1.0" encoding="UTF-8"?>
<!-- Generated by org.testng.reporters.JUnitReportReporter -->
<testsuite skipped="0" hostname="Ahmed" name="Test.Testbutton" tests="2" failures="0" timestamp="05 Feb 2019 15:06:55 GMT" time="26.474" errors="0">
  <testcase name="toolsqa" time="15.520" classname="Test.Testbutton"/>
  <testcase name="navbarSize" time="10.954" classname="Test.Testbutton"/>
</testsuite> <!-- Test.Testbutton -->
