<?xml version="1.0" encoding="UTF-8"?>
<!-- Generated by org.testng.reporters.JUnitReportReporter -->
<testsuite skipped="0" hostname="Ahmed" name="Test.Testform" tests="1" failures="0" timestamp="08 Feb 2019 22:58:53 GMT" time="23.017" errors="0">
  <testcase name="form" time="23.017" classname="Test.Testform"/>
</testsuite> <!-- Test.Testform -->
