<?xml version="1.0" encoding="UTF-8"?>
<!-- Generated by org.testng.reporters.JUnitReportReporter -->
<testsuite skipped="0" hostname="Ahmed" name="Test.Practice" tests="1" failures="0" timestamp="07 Feb 2019 22:27:59 GMT" time="12.273" errors="0">
  <testcase name="openbrowser" time="12.273" classname="Test.Practice"/>
</testsuite> <!-- Test.Practice -->
