<?xml version="1.0" encoding="UTF-8"?>
<!-- Generated by org.testng.reporters.JUnitReportReporter -->
<testsuite skipped="3" hostname="Ahmed" name="adminTests.AdminPrescriptionTest" tests="4" failures="0" timestamp="19 Feb 2019 19:29:56 GMT" time="10.198" errors="0">
  <testcase name="adminLoginPage" time="10.198" classname="adminTests.AdminPrescriptionTest"/>
  <testcase name="prescriptionPageTest" classname="adminTests.AdminPrescriptionTest">
    <skipped/>
  </testcase> <!-- prescriptionPageTest -->
  <testcase name="verifyPrescription" classname="adminTests.AdminPrescriptionTest">
    <skipped/>
  </testcase> <!-- verifyPrescription -->
  <testcase name="practice" classname="adminTests.AdminPrescriptionTest">
    <skipped/>
  </testcase> <!-- practice -->
</testsuite> <!-- adminTests.AdminPrescriptionTest -->
