<?xml version="1.0" encoding="UTF-8"?>
<!-- Generated by org.testng.reporters.JUnitReportReporter -->
<testsuite hostname="Ahmed" name="sprint_001.MainPage_01_Test" tests="1" failures="0" timestamp="21 Mar 2019 18:19:06 GMT" time="0.872" errors="0">
  <testcase name="validate_nav_Travel" time="0.872" classname="sprint_001.MainPage_01_Test"/>
</testsuite> <!-- sprint_001.MainPage_01_Test -->
