<?xml version="1.0" encoding="UTF-8"?>
<!-- Generated by org.testng.reporters.JUnitReportReporter -->
<testsuite hostname="Ahmed" name="sprint_001.nav_Droplist_Test" tests="2" failures="0" timestamp="23 Mar 2019 11:42:47 GMT" time="4.636" errors="0">
  <testcase name="validate_navbar_home" time="0.273" classname="sprint_001.nav_Droplist_Test"/>
  <testcase name="listOfNav_webMD" time="4.363" classname="sprint_001.nav_Droplist_Test"/>
</testsuite> <!-- sprint_001.nav_Droplist_Test -->
